<?xml version="1.0" encoding="UTF-8"?>
<!-- Generated by org.testng.reporters.JUnitXMLReporter -->
<testsuite ignored="0" hostname="LTIN476671" failures="0" tests="3" name="Test" time="75.512" errors="0" timestamp="2024-10-04T10:44:38 IST">
  <testcase classname="testCases.TC_01_ListOfHealthInsurances" name="HealthInsListPrint" time="1.111"/>
  <testcase classname="testCases.TC_04_TestingHomeInsurance" name="retrunHomeInsurancePolicy" time="15.283"/>
  <testcase classname="testCases.TC_03_TestingCarInsuranceErrorMsg" name="checkErrMsg" time="9.646"/>
</testsuite> <!-- Test -->
