<?xml version="1.0" encoding="UTF-8"?>
<!-- Generated by org.testng.reporters.JUnitXMLReporter -->
<testsuite ignored="0" hostname="LTIN476671" failures="0" tests="3" name="Test" time="46.275" errors="0" timestamp="2024-09-28T22:19:00 IST">
  <testcase classname="testCases.TC_01_ListOfHealthInsurances" name="HealthInsListPrint" time="0.571"/>
  <testcase classname="testCases.TC_03_TestingCarInsuranceErrorMsg" name="checkErrMsg" time="4.472"/>
  <testcase classname="testCases.TC_04_TestingHomeInsurance" name="retrunHomeInsurancePolicy" time="6.143"/>
</testsuite> <!-- Test -->
