<?xml version="1.0" encoding="UTF-8"?>
<testng-results ignored="0" total="3" passed="3" failed="0" skipped="0">
  <reporter-output>
  </reporter-output>
  <suite started-at="2024-09-28T22:59:55 IST" name="Suite" finished-at="2024-09-28T23:00:43 IST" duration-ms="48374">
    <groups>
    </groups>
    <test started-at="2024-09-28T22:59:55 IST" name="Test" finished-at="2024-09-28T23:00:43 IST" duration-ms="48374">
      <class name="testCases.TC_04_TestingHomeInsurance">
        <test-method is-config="true" signature="setup(java.lang.String,java.lang.String)[pri:0, instance:testCases.TC_04_TestingHomeInsurance@5ab9e72c]" started-at="2024-09-28T23:00:25 IST" name="setup" finished-at="2024-09-28T23:00:33 IST" duration-ms="7656" status="PASS">
          <params>
            <param index="0">
              <value>
                <![CDATA[Windows]]>
              </value>
            </param>
            <param index="1">
              <value>
                <![CDATA[chrome]]>
              </value>
            </param>
          </params>
          <reporter-output>
          </reporter-output>
        </test-method> <!-- setup -->
        <test-method signature="retrunHomeInsurancePolicy()[pri:0, instance:testCases.TC_04_TestingHomeInsurance@5ab9e72c]" started-at="2024-09-28T23:00:33 IST" name="retrunHomeInsurancePolicy" finished-at="2024-09-28T23:00:40 IST" duration-ms="6881" status="PASS">
          <reporter-output>
          </reporter-output>
        </test-method> <!-- retrunHomeInsurancePolicy -->
        <test-method is-config="true" signature="tearDown()[pri:0, instance:testCases.TC_04_TestingHomeInsurance@5ab9e72c]" started-at="2024-09-28T23:00:40 IST" name="tearDown" finished-at="2024-09-28T23:00:43 IST" duration-ms="3246" status="PASS">
          <reporter-output>
          </reporter-output>
        </test-method> <!-- tearDown -->
      </class> <!-- testCases.TC_04_TestingHomeInsurance -->
      <class name="testCases.TC_03_TestingCarInsuranceErrorMsg">
        <test-method is-config="true" signature="setup(java.lang.String,java.lang.String)[pri:0, instance:testCases.TC_03_TestingCarInsuranceErrorMsg@2a266d09]" started-at="2024-09-28T23:00:10 IST" name="setup" finished-at="2024-09-28T23:00:18 IST" duration-ms="7939" status="PASS">
          <params>
            <param index="0">
              <value>
                <![CDATA[Windows]]>
              </value>
            </param>
            <param index="1">
              <value>
                <![CDATA[chrome]]>
              </value>
            </param>
          </params>
          <reporter-output>
          </reporter-output>
        </test-method> <!-- setup -->
        <test-method signature="checkErrMsg()[pri:0, instance:testCases.TC_03_TestingCarInsuranceErrorMsg@2a266d09]" started-at="2024-09-28T23:00:18 IST" name="checkErrMsg" finished-at="2024-09-28T23:00:23 IST" duration-ms="4768" status="PASS">
          <reporter-output>
          </reporter-output>
        </test-method> <!-- checkErrMsg -->
        <test-method is-config="true" signature="tearDown()[pri:0, instance:testCases.TC_03_TestingCarInsuranceErrorMsg@2a266d09]" started-at="2024-09-28T23:00:23 IST" name="tearDown" finished-at="2024-09-28T23:00:25 IST" duration-ms="2948" status="PASS">
          <reporter-output>
          </reporter-output>
        </test-method> <!-- tearDown -->
      </class> <!-- testCases.TC_03_TestingCarInsuranceErrorMsg -->
      <class name="testCases.TC_01_ListOfHealthInsurances">
        <test-method is-config="true" signature="setup(java.lang.String,java.lang.String)[pri:0, instance:testCases.TC_01_ListOfHealthInsurances@2f54a33d]" started-at="2024-09-28T22:59:55 IST" name="setup" finished-at="2024-09-28T23:00:05 IST" duration-ms="9899" status="PASS">
          <params>
            <param index="0">
              <value>
                <![CDATA[Windows]]>
              </value>
            </param>
            <param index="1">
              <value>
                <![CDATA[chrome]]>
              </value>
            </param>
          </params>
          <reporter-output>
          </reporter-output>
        </test-method> <!-- setup -->
        <test-method signature="HealthInsListPrint()[pri:0, instance:testCases.TC_01_ListOfHealthInsurances@2f54a33d]" started-at="2024-09-28T23:00:05 IST" name="HealthInsListPrint" finished-at="2024-09-28T23:00:06 IST" duration-ms="607" status="PASS">
          <reporter-output>
          </reporter-output>
        </test-method> <!-- HealthInsListPrint -->
        <test-method is-config="true" signature="tearDown()[pri:0, instance:testCases.TC_01_ListOfHealthInsurances@2f54a33d]" started-at="2024-09-28T23:00:06 IST" name="tearDown" finished-at="2024-09-28T23:00:10 IST" duration-ms="4211" status="PASS">
          <reporter-output>
          </reporter-output>
        </test-method> <!-- tearDown -->
      </class> <!-- testCases.TC_01_ListOfHealthInsurances -->
    </test> <!-- Test -->
  </suite> <!-- Suite -->
</testng-results>
