<?xml version="1.0" encoding="UTF-8"?>
<testsuite xmlns:xsi="http://www.w3.org/2001/XMLSchema-instance" xsi:noNamespaceSchemaLocation="https://maven.apache.org/surefire/maven-surefire-plugin/xsd/surefire-test-report.xsd" version="3.0.2" name="TestSuite" time="30.725" tests="2" errors="0" skipped="0" failures="0">
  <properties>
[...]
</properties>
  <testcase name="HealthInsListPrint" classname="testCases.TC_01_ListOfHealthInsurances" time="0.506">
    <system-out><![CDATA[11:51:24.122 [main] DEBUG org.testng.TestNG -- suiteXmlPath: "C:\Users\2355163\eclipse-workspace\FinalProject\master.xml"
Family Health Insurance
Senior Citizen Health Insurance
Health Insurance for Parents
Best Health Insurance Plans
Maternity Insurance
Health Insurance Portability
OPD Cover In Health Insurance
Mediclaim Policy
Critical Illness Insurance
Health Insurance Calculator
Health Insurance Companies
Health Insurance for NRIs
Health Insurance Claim
]]></system-out>
    <system-err><![CDATA[Sept 27, 2024 11:51:31 AM org.openqa.selenium.devtools.CdpVersionFinder findNearestMatch
WARNING: Unable to find CDP implementation matching 125
Sept 27, 2024 11:51:31 AM org.openqa.selenium.chromium.ChromiumDriver lambda$new$5
WARNING: Unable to find version of CDP to use for 125.0.6422.142. You may need to include a dependency on a specific version of the CDP using something similar to `org.seleniumhq.selenium:selenium-devtools-v86:4.25.0` where the version ("v86") matches the version of the chromium-based browser you're using and the version number of the artifact is the same as Selenium's.
]]></system-err>
  </testcase>
  <testcase name="checkErrMsg" classname="testCases.TC_03_TestingCarInsuranceErrorMsg" time="4.466">
    <system-out><![CDATA[Enter a valid name
Enter a valid mobile number
]]></system-out>
    <system-err><![CDATA[Sept 27, 2024 11:51:43 AM org.openqa.selenium.devtools.CdpVersionFinder findNearestMatch
WARNING: Unable to find CDP implementation matching 125
Sept 27, 2024 11:51:43 AM org.openqa.selenium.chromium.ChromiumDriver lambda$new$5
WARNING: Unable to find version of CDP to use for 125.0.6422.142. You may need to include a dependency on a specific version of the CDP using something similar to `org.seleniumhq.selenium:selenium-devtools-v86:4.25.0` where the version ("v86") matches the version of the chromium-based browser you're using and the version number of the artifact is the same as Selenium's.
]]></system-err>
  </testcase>
</testsuite>